<?xml version="1.0" encoding="UTF-8"?>
<!-- Generated by org.testng.reporters.JUnitReportReporter -->
<testsuite name="testcases.TitleSectionTest" tests="1" time="0.001" ignored="0" failures="0" timestamp="24 May 2021 16:05:43 GMT" skipped="1" hostname="VSM-CUONGBV5-L" errors="0">
  <testcase name="validateTitle" time="0.001" classname="testcases.TitleSectionTest">
    <skipped/>
  </testcase> <!-- validateTitle -->
</testsuite> <!-- testcases.TitleSectionTest -->
